<?xml version="1.0" encoding="UTF-8"?>
<!-- Generated by org.testng.reporters.JUnitXMLReporter -->
<testsuite ignored="0" hostname="Naveen" failures="0" tests="4" name="test" time="0.04" errors="0" timestamp="30 Nov 2023 06:38:43 GMT">
  <testcase classname="com.testng.annotations" name="t1" time="0.005"/>
  <testcase classname="com.testng.annotations" name="t10" time="0.002"/>
  <testcase classname="com.testng.annotations_duplicate" name="t1" time="0.001"/>
  <testcase classname="com.testng.annotations_duplicate" name="t10" time="0.002"/>
</testsuite> <!-- test -->
