<?xml version="1.0" encoding="UTF-8"?>
<!-- Generated by org.testng.reporters.JUnitXMLReporter -->
<testsuite ignored="0" hostname="Naveen" failures="1" tests="1" name="test" time="0.748" errors="0" timestamp="23 Dec 2023 07:30:15 GMT">
  <testcase classname="common.BaseTest" name="@AfterMethod teardown" time="0.0">
    <failure type="java.lang.NullPointerException" message="Cannot invoke &amp;quot;org.openqa.selenium.WebDriver.quit()&amp;quot; because &amp;quot;this.driver&amp;quot; is null">
      <![CDATA[java.lang.NullPointerException: Cannot invoke "org.openqa.selenium.WebDriver.quit()" because "this.driver" is null
at common.BaseTest.teardown(BaseTest.java:82)
... Removed 28 stack frames]]>
    </failure>
  </testcase> <!-- @AfterMethod teardown -->
  <testcase classname="tests.facebook_createaccounttest" name="test" time="0.508">
    <failure type="java.lang.NullPointerException" message="Cannot invoke &amp;quot;org.apache.poi.xssf.usermodel.XSSFCell.getStringCellValue()&amp;quot; because the return value of &amp;quot;org.apache.poi.xssf.usermodel.XSSFRow.getCell(int)&amp;quot; is null">
      <![CDATA[java.lang.NullPointerException: Cannot invoke "org.apache.poi.xssf.usermodel.XSSFCell.getStringCellValue()" because the return value of "org.apache.poi.xssf.usermodel.XSSFRow.getCell(int)" is null
at excelutilities.ExcelUtils.getrownumber(ExcelUtils.java:68)
at tests.facebook_createaccounttest.test(facebook_createaccounttest.java:27)
... Removed 25 stack frames]]>
    </failure>
  </testcase> <!-- test -->
</testsuite> <!-- test -->
